<?xml version="1.0" encoding="UTF-8"?>
<testng-results ignored="0" total="3" passed="3" failed="0" skipped="0">
  <reporter-output>
    <line>
      <![CDATA[browser opened sucessfully]]>
    </line>
    <line>
      <![CDATA[browser maximised sucessfully]]>
    </line>
    <line>
      <![CDATA[url entered sucessfully]]>
    </line>
    <line>
      <![CDATA[page verified sucessfully]]>
    </line>
    <line>
      <![CDATA[browser set up done]]>
    </line>
    <line>
      <![CDATA[validated username  sucessfully]]>
    </line>
    <line>
      <![CDATA[validated password sucessfully]]>
    </line>
    <line>
      <![CDATA[username entered sucessfully]]>
    </line>
    <line>
      <![CDATA[password entered sucessfully]]>
    </line>
    <line>
      <![CDATA[login done sucessfully]]>
    </line>
    <line>
      <![CDATA[validated menubar sucessfully]]>
    </line>
    <line>
      <![CDATA[validated logout sucessfully]]>
    </line>
    <line>
      <![CDATA[menubar clicked sucessfully]]>
    </line>
    <line>
      <![CDATA[logoutbutton clicked sucessfully]]>
    </line>
    <line>
      <![CDATA[logout]]>
    </line>
    <line>
      <![CDATA[validated username  sucessfully]]>
    </line>
    <line>
      <![CDATA[validated password sucessfully]]>
    </line>
    <line>
      <![CDATA[username entered sucessfully]]>
    </line>
    <line>
      <![CDATA[password entered sucessfully]]>
    </line>
    <line>
      <![CDATA[login done sucessfully]]>
    </line>
    <line>
      <![CDATA[validated menubar sucessfully]]>
    </line>
    <line>
      <![CDATA[validated logout sucessfully]]>
    </line>
    <line>
      <![CDATA[menubar clicked sucessfully]]>
    </line>
    <line>
      <![CDATA[logoutbutton clicked sucessfully]]>
    </line>
    <line>
      <![CDATA[logout]]>
    </line>
    <line>
      <![CDATA[validated username  sucessfully]]>
    </line>
    <line>
      <![CDATA[validated password sucessfully]]>
    </line>
    <line>
      <![CDATA[username entered sucessfully]]>
    </line>
    <line>
      <![CDATA[password entered sucessfully]]>
    </line>
    <line>
      <![CDATA[login done sucessfully]]>
    </line>
    <line>
      <![CDATA[shirisha]]>
    </line>
    <line>
      <![CDATA[allam]]>
    </line>
    <line>
      <![CDATA[ 500072]]>
    </line>
    <line>
      <![CDATA[Checkout: Complete!]]>
    </line>
    <line>
      <![CDATA[validated menubar sucessfully]]>
    </line>
    <line>
      <![CDATA[validated logout sucessfully]]>
    </line>
    <line>
      <![CDATA[menubar clicked sucessfully]]>
    </line>
    <line>
      <![CDATA[logoutbutton clicked sucessfully]]>
    </line>
    <line>
      <![CDATA[logout]]>
    </line>
    <line>
      <![CDATA[allwindows closed sucessfully]]>
    </line>
    <line>
      <![CDATA[browser terminate done]]>
    </line>
  </reporter-output>
  <suite started-at="2025-07-31T11:13:13 IST" name="RegressionSuite" finished-at="2025-07-31T11:13:42 IST" duration-ms="29014">
    <groups>
      <group name="RT">
        <method signature="Example2Test.Addproduct(java.lang.String,java.lang.String,java.lang.String)[pri:1, instance:ProductTest.Example2Test@3eb738bb]" name="Addproduct" class="ProductTest.Example2Test"/>
      </group> <!-- RT -->
    </groups>
    <test started-at="2025-07-31T11:13:13 IST" name="Test" finished-at="2025-07-31T11:13:42 IST" duration-ms="29014">
      <class name="ProductTest.Example2Test">
        <test-method is-config="true" signature="ReportSetup()[pri:0, instance:ProductTest.Example2Test@3eb738bb]" started-at="2025-07-31T11:13:13 IST" name="ReportSetup" finished-at="2025-07-31T11:13:13 IST" duration-ms="177" status="PASS">
          <reporter-output>
          </reporter-output>
        </test-method> <!-- ReportSetup -->
        <test-method is-config="true" signature="Browsersetup(java.lang.String)[pri:0, instance:ProductTest.Example2Test@3eb738bb]" started-at="2025-07-31T11:13:13 IST" name="Browsersetup" finished-at="2025-07-31T11:13:20 IST" duration-ms="6982" status="PASS">
          <params>
            <param index="0">
              <value>
                <![CDATA[edge]]>
              </value>
            </param>
          </params>
          <reporter-output>
            <line>
              <![CDATA[browser opened sucessfully]]>
            </line>
            <line>
              <![CDATA[browser maximised sucessfully]]>
            </line>
            <line>
              <![CDATA[url entered sucessfully]]>
            </line>
            <line>
              <![CDATA[page verified sucessfully]]>
            </line>
            <line>
              <![CDATA[browser set up done]]>
            </line>
          </reporter-output>
        </test-method> <!-- Browsersetup -->
        <test-method is-config="true" signature="login()[pri:0, instance:ProductTest.Example2Test@3eb738bb]" started-at="2025-07-31T11:13:20 IST" name="login" finished-at="2025-07-31T11:13:24 IST" duration-ms="4386" status="PASS">
          <reporter-output>
            <line>
              <![CDATA[validated username  sucessfully]]>
            </line>
            <line>
              <![CDATA[validated password sucessfully]]>
            </line>
            <line>
              <![CDATA[username entered sucessfully]]>
            </line>
            <line>
              <![CDATA[password entered sucessfully]]>
            </line>
            <line>
              <![CDATA[login done sucessfully]]>
            </line>
          </reporter-output>
        </test-method> <!-- login -->
        <test-method signature="Addproduct2()[pri:0, instance:ProductTest.Example2Test@3eb738bb]" started-at="2025-07-31T11:13:24 IST" name="Addproduct2" finished-at="2025-07-31T11:13:24 IST" duration-ms="13" status="PASS">
          <reporter-output>
          </reporter-output>
        </test-method> <!-- Addproduct2 -->
        <test-method is-config="true" signature="logout()[pri:0, instance:ProductTest.Example2Test@3eb738bb]" started-at="2025-07-31T11:13:24 IST" name="logout" finished-at="2025-07-31T11:13:25 IST" duration-ms="255" status="PASS">
          <reporter-output>
            <line>
              <![CDATA[validated menubar sucessfully]]>
            </line>
            <line>
              <![CDATA[validated logout sucessfully]]>
            </line>
            <line>
              <![CDATA[menubar clicked sucessfully]]>
            </line>
            <line>
              <![CDATA[logoutbutton clicked sucessfully]]>
            </line>
            <line>
              <![CDATA[logout]]>
            </line>
          </reporter-output>
        </test-method> <!-- logout -->
        <test-method is-config="true" signature="login()[pri:0, instance:ProductTest.Example2Test@3eb738bb]" started-at="2025-07-31T11:13:25 IST" name="login" finished-at="2025-07-31T11:13:29 IST" duration-ms="4303" status="PASS">
          <reporter-output>
            <line>
              <![CDATA[validated username  sucessfully]]>
            </line>
            <line>
              <![CDATA[validated password sucessfully]]>
            </line>
            <line>
              <![CDATA[username entered sucessfully]]>
            </line>
            <line>
              <![CDATA[password entered sucessfully]]>
            </line>
            <line>
              <![CDATA[login done sucessfully]]>
            </line>
          </reporter-output>
        </test-method> <!-- login -->
        <test-method signature="Addproduct3()[pri:0, instance:ProductTest.Example2Test@3eb738bb]" started-at="2025-07-31T11:13:29 IST" name="Addproduct3" finished-at="2025-07-31T11:13:29 IST" duration-ms="0" status="PASS">
          <reporter-output>
          </reporter-output>
        </test-method> <!-- Addproduct3 -->
        <test-method is-config="true" signature="logout()[pri:0, instance:ProductTest.Example2Test@3eb738bb]" started-at="2025-07-31T11:13:29 IST" name="logout" finished-at="2025-07-31T11:13:29 IST" duration-ms="280" status="PASS">
          <reporter-output>
            <line>
              <![CDATA[validated menubar sucessfully]]>
            </line>
            <line>
              <![CDATA[validated logout sucessfully]]>
            </line>
            <line>
              <![CDATA[menubar clicked sucessfully]]>
            </line>
            <line>
              <![CDATA[logoutbutton clicked sucessfully]]>
            </line>
            <line>
              <![CDATA[logout]]>
            </line>
          </reporter-output>
        </test-method> <!-- logout -->
        <test-method is-config="true" signature="login()[pri:0, instance:ProductTest.Example2Test@3eb738bb]" started-at="2025-07-31T11:13:30 IST" name="login" finished-at="2025-07-31T11:13:34 IST" duration-ms="4276" status="PASS">
          <reporter-output>
            <line>
              <![CDATA[validated username  sucessfully]]>
            </line>
            <line>
              <![CDATA[validated password sucessfully]]>
            </line>
            <line>
              <![CDATA[username entered sucessfully]]>
            </line>
            <line>
              <![CDATA[password entered sucessfully]]>
            </line>
            <line>
              <![CDATA[login done sucessfully]]>
            </line>
          </reporter-output>
        </test-method> <!-- login -->
        <test-method signature="Addproduct(java.lang.String,java.lang.String,java.lang.String)[pri:1, instance:ProductTest.Example2Test@3eb738bb]" started-at="2025-07-31T11:13:34 IST" name="Addproduct" data-provider="checkOutInfo" finished-at="2025-07-31T11:13:41 IST" duration-ms="6607" status="PASS">
          <params>
            <param index="0">
              <value>
                <![CDATA[shirisha]]>
              </value>
            </param>
            <param index="1">
              <value>
                <![CDATA[allam]]>
              </value>
            </param>
            <param index="2">
              <value>
                <![CDATA[ 500072]]>
              </value>
            </param>
          </params>
          <reporter-output>
            <line>
              <![CDATA[shirisha]]>
            </line>
            <line>
              <![CDATA[allam]]>
            </line>
            <line>
              <![CDATA[ 500072]]>
            </line>
            <line>
              <![CDATA[Checkout: Complete!]]>
            </line>
          </reporter-output>
        </test-method> <!-- Addproduct -->
        <test-method is-config="true" signature="logout()[pri:0, instance:ProductTest.Example2Test@3eb738bb]" started-at="2025-07-31T11:13:41 IST" name="logout" finished-at="2025-07-31T11:13:41 IST" duration-ms="241" status="PASS">
          <reporter-output>
            <line>
              <![CDATA[validated menubar sucessfully]]>
            </line>
            <line>
              <![CDATA[validated logout sucessfully]]>
            </line>
            <line>
              <![CDATA[menubar clicked sucessfully]]>
            </line>
            <line>
              <![CDATA[logoutbutton clicked sucessfully]]>
            </line>
            <line>
              <![CDATA[logout]]>
            </line>
          </reporter-output>
        </test-method> <!-- logout -->
        <test-method is-config="true" signature="BrowserTerminate()[pri:0, instance:ProductTest.Example2Test@3eb738bb]" started-at="2025-07-31T11:13:41 IST" name="BrowserTerminate" finished-at="2025-07-31T11:13:42 IST" duration-ms="257" status="PASS">
          <reporter-output>
            <line>
              <![CDATA[allwindows closed sucessfully]]>
            </line>
            <line>
              <![CDATA[browser terminate done]]>
            </line>
          </reporter-output>
        </test-method> <!-- BrowserTerminate -->
        <test-method is-config="true" signature="ReportTerminate()[pri:0, instance:ProductTest.Example2Test@3eb738bb]" started-at="2025-07-31T11:13:42 IST" name="ReportTerminate" finished-at="2025-07-31T11:13:42 IST" duration-ms="317" status="PASS">
          <reporter-output>
          </reporter-output>
        </test-method> <!-- ReportTerminate -->
      </class> <!-- ProductTest.Example2Test -->
    </test> <!-- Test -->
  </suite> <!-- RegressionSuite -->
</testng-results>
