<?xml version="1.0" encoding="UTF-8"?>
<!-- Generated by org.testng.reporters.JUnitXMLReporter -->
<testsuite ignored="0" hostname="DESKTOP-2ACJK3Q" failures="0" tests="3" name="Test" time="29.014" errors="0" timestamp="2025-07-31T11:13:42 IST">
  <testcase classname="ProductTest.Example2Test" name="Addproduct2" time="0.013"/>
  <testcase classname="ProductTest.Example2Test" name="Addproduct3" time="0.0"/>
  <testcase classname="ProductTest.Example2Test" name="Addproduct" time="6.607"/>
</testsuite> <!-- Test -->
