<?xml version="1.0" encoding="UTF-8"?>
<!-- Generated by org.testng.reporters.JUnitXMLReporter -->
<testsuite ignored="0" hostname="DESKTOP-2ACJK3Q" failures="1" tests="1" name="Test" time="17.063" errors="0" timestamp="2025-07-28T09:50:57 IST">
  <testcase classname="ProductTest.Example2Test" name="Addproduct" time="6.796">
    <failure type="java.lang.AssertionError" message="null">
      <![CDATA[java.lang.AssertionError: null
at ProductTest.Example2Test.Addproduct(Example2Test.java:166)
at java.base/java.util.ArrayList.forEach(ArrayList.java:1596)
... Removed 27 stack frames]]>
    </failure>
  </testcase> <!-- Addproduct -->
</testsuite> <!-- Test -->
